<?xml version="1.0" encoding="UTF-8"?>
<!-- Generated by org.testng.reporters.JUnitXMLReporter -->
<testsuite ignored="0" hostname="DESKTOP-IQ2M59A" failures="1" tests="2" name="Test" time="45.076" errors="0" timestamp="2025-04-10T16:31:52 IST">
  <testcase classname="com.testClass.TC_MS_MyAccountDataDrivenTesting" name="createAccountPage" time="17.18"/>
  <testcase classname="com.testClass.TC_MS_MyAccountDataDrivenTesting" name="verifyLogin" time="4.524">
    <failure type="junit.framework.AssertionFailedError">
      <![CDATA[junit.framework.AssertionFailedError
at junit.framework.Assert.fail(Assert.java:47)
at junit.framework.Assert.assertTrue(Assert.java:20)
at junit.framework.Assert.assertTrue(Assert.java:27)
at com.testClass.TC_MS_MyAccountDataDrivenTesting.verifyLogin(TC_MS_MyAccountDataDrivenTesting.java:56)
at java.base/java.util.ArrayList.forEach(ArrayList.java:1597)
... Removed 25 stack frames]]>
    </failure>
  </testcase> <!-- verifyLogin -->
</testsuite> <!-- Test -->
