<?xml version="1.0" encoding="UTF-8"?>
<testng-results ignored="0" total="2" passed="1" failed="1" skipped="0">
  <reporter-output>
  </reporter-output>
  <suite started-at="2025-04-10T16:31:06 IST" name="Suite" finished-at="2025-04-10T16:31:51 IST" duration-ms="45076">
    <groups>
    </groups>
    <test started-at="2025-04-10T16:31:06 IST" name="Test" finished-at="2025-04-10T16:31:51 IST" duration-ms="45076">
      <class name="com.testClass.TC_MS_MyAccountDataDrivenTesting">
        <test-method is-config="true" signature="launchingBrowser()[pri:0, instance:com.testClass.TC_MS_MyAccountDataDrivenTesting@76f4b65]" started-at="2025-04-10T16:31:07 IST" name="launchingBrowser" finished-at="2025-04-10T16:31:18 IST" duration-ms="11451" status="PASS">
          <reporter-output>
          </reporter-output>
        </test-method> <!-- launchingBrowser -->
        <test-method signature="createAccountPage()[pri:0, instance:com.testClass.TC_MS_MyAccountDataDrivenTesting@76f4b65]" started-at="2025-04-10T16:31:18 IST" name="createAccountPage" finished-at="2025-04-10T16:31:35 IST" duration-ms="17180" status="PASS">
          <reporter-output>
          </reporter-output>
        </test-method> <!-- createAccountPage -->
        <test-method is-config="true" signature="tearDown()[pri:0, instance:com.testClass.TC_MS_MyAccountDataDrivenTesting@76f4b65]" started-at="2025-04-10T16:31:35 IST" name="tearDown" finished-at="2025-04-10T16:31:36 IST" duration-ms="1008" status="PASS">
          <reporter-output>
          </reporter-output>
        </test-method> <!-- tearDown -->
        <test-method is-config="true" signature="launchingBrowser()[pri:0, instance:com.testClass.TC_MS_MyAccountDataDrivenTesting@76f4b65]" started-at="2025-04-10T16:31:36 IST" name="launchingBrowser" finished-at="2025-04-10T16:31:46 IST" duration-ms="9576" status="PASS">
          <reporter-output>
          </reporter-output>
        </test-method> <!-- launchingBrowser -->
        <test-method signature="verifyLogin()[pri:0, instance:com.testClass.TC_MS_MyAccountDataDrivenTesting@76f4b65]" started-at="2025-04-10T16:31:46 IST" name="verifyLogin" finished-at="2025-04-10T16:31:51 IST" duration-ms="4524" status="FAIL">
          <exception class="junit.framework.AssertionFailedError">
            <full-stacktrace>
              <![CDATA[junit.framework.AssertionFailedError
at junit.framework.Assert.fail(Assert.java:47)
at junit.framework.Assert.assertTrue(Assert.java:20)
at junit.framework.Assert.assertTrue(Assert.java:27)
at com.testClass.TC_MS_MyAccountDataDrivenTesting.verifyLogin(TC_MS_MyAccountDataDrivenTesting.java:56)
at java.base/jdk.internal.reflect.DirectMethodHandleAccessor.invoke(DirectMethodHandleAccessor.java:103)
at java.base/java.lang.reflect.Method.invoke(Method.java:580)
at org.testng.internal.invokers.MethodInvocationHelper.invokeMethod(MethodInvocationHelper.java:139)
at org.testng.internal.invokers.TestInvoker.invokeMethod(TestInvoker.java:677)
at org.testng.internal.invokers.TestInvoker.invokeTestMethod(TestInvoker.java:221)
at org.testng.internal.invokers.MethodRunner.runInSequence(MethodRunner.java:50)
at org.testng.internal.invokers.TestInvoker$MethodInvocationAgent.invoke(TestInvoker.java:969)
at org.testng.internal.invokers.TestInvoker.invokeTestMethods(TestInvoker.java:194)
at org.testng.internal.invokers.TestMethodWorker.invokeTestMethods(TestMethodWorker.java:148)
at org.testng.internal.invokers.TestMethodWorker.run(TestMethodWorker.java:128)
at java.base/java.util.ArrayList.forEach(ArrayList.java:1597)
at org.testng.TestRunner.privateRun(TestRunner.java:829)
at org.testng.TestRunner.run(TestRunner.java:602)
at org.testng.SuiteRunner.runTest(SuiteRunner.java:437)
at org.testng.SuiteRunner.runSequentially(SuiteRunner.java:431)
at org.testng.SuiteRunner.privateRun(SuiteRunner.java:391)
at org.testng.SuiteRunner.run(SuiteRunner.java:330)
at org.testng.SuiteRunnerWorker.runSuite(SuiteRunnerWorker.java:52)
at org.testng.SuiteRunnerWorker.run(SuiteRunnerWorker.java:95)
at org.testng.TestNG.runSuitesSequentially(TestNG.java:1256)
at org.testng.TestNG.runSuitesLocally(TestNG.java:1176)
at org.testng.TestNG.runSuites(TestNG.java:1099)
at org.testng.TestNG.run(TestNG.java:1067)
at org.testng.remote.AbstractRemoteTestNG.run(AbstractRemoteTestNG.java:115)
at org.testng.remote.RemoteTestNG.initAndRun(RemoteTestNG.java:293)
at org.testng.remote.RemoteTestNG.main(RemoteTestNG.java:91)
]]>
            </full-stacktrace>
          </exception> <!-- junit.framework.AssertionFailedError -->
          <reporter-output>
          </reporter-output>
        </test-method> <!-- verifyLogin -->
        <test-method is-config="true" signature="tearDown()[pri:0, instance:com.testClass.TC_MS_MyAccountDataDrivenTesting@76f4b65]" started-at="2025-04-10T16:31:51 IST" name="tearDown" finished-at="2025-04-10T16:31:51 IST" duration-ms="525" status="PASS">
          <reporter-output>
          </reporter-output>
        </test-method> <!-- tearDown -->
      </class> <!-- com.testClass.TC_MS_MyAccountDataDrivenTesting -->
    </test> <!-- Test -->
  </suite> <!-- Suite -->
</testng-results>
